  easywsclient.cpp
Q:\CS2_Shrimp\Shrimp\CS2_Shrimp\ext\easywsclient\easywsclient.cpp(98,29): warning C4477: “fprintf”: 格式字符串“%s”需要类型“char *”的参数，但可变参数 1 拥有了类型“WCHAR *”
      Q:\CS2_Shrimp\Shrimp\CS2_Shrimp\ext\easywsclient\easywsclient.cpp(98,29):
      请考虑在格式字符串中使用“%ls”
      Q:\CS2_Shrimp\Shrimp\CS2_Shrimp\ext\easywsclient\easywsclient.cpp(98,29):
      请考虑在格式字符串中使用“%lls”
      Q:\CS2_Shrimp\Shrimp\CS2_Shrimp\ext\easywsclient\easywsclient.cpp(98,29):
      请考虑在格式字符串中使用“%Ls”
      Q:\CS2_Shrimp\Shrimp\CS2_Shrimp\ext\easywsclient\easywsclient.cpp(98,29):
      请考虑在格式字符串中使用“%ws”
  
Q:\CS2_Shrimp\Shrimp\CS2_Shrimp\ext\easywsclient\easywsclient.cpp(105,46): warning C4267: “参数”: 从“size_t”转换到“int”，可能丢失数据
Q:\CS2_Shrimp\Shrimp\CS2_Shrimp\ext\easywsclient\easywsclient.cpp(216,31): warning C4244: “参数”: 从“socket_t”转换到“int”，可能丢失数据
Q:\CS2_Shrimp\Shrimp\CS2_Shrimp\ext\easywsclient\easywsclient.cpp(221,23): warning C4267: “初始化”: 从“size_t”转换到“int”，可能丢失数据
Q:\CS2_Shrimp\Shrimp\CS2_Shrimp\ext\easywsclient\easywsclient.cpp(246,70): warning C4267: “参数”: 从“size_t”转换到“int”，可能丢失数据
Q:\CS2_Shrimp\Shrimp\CS2_Shrimp\ext\easywsclient\easywsclient.cpp(554,92): warning C4267: “参数”: 从“size_t”转换到“int”，可能丢失数据
Q:\CS2_Shrimp\Shrimp\CS2_Shrimp\ext\easywsclient\easywsclient.cpp(557,88): warning C4267: “参数”: 从“size_t”转换到“int”，可能丢失数据
Q:\CS2_Shrimp\Shrimp\CS2_Shrimp\ext\easywsclient\easywsclient.cpp(561,97): warning C4267: “参数”: 从“size_t”转换到“int”，可能丢失数据
Q:\CS2_Shrimp\Shrimp\CS2_Shrimp\ext\easywsclient\easywsclient.cpp(563,88): warning C4267: “参数”: 从“size_t”转换到“int”，可能丢失数据
Q:\CS2_Shrimp\Shrimp\CS2_Shrimp\ext\easywsclient\easywsclient.cpp(564,89): warning C4267: “参数”: 从“size_t”转换到“int”，可能丢失数据
Q:\CS2_Shrimp\Shrimp\CS2_Shrimp\ext\easywsclient\easywsclient.cpp(567,100): warning C4267: “参数”: 从“size_t”转换到“int”，可能丢失数据
Q:\CS2_Shrimp\Shrimp\CS2_Shrimp\ext\easywsclient\easywsclient.cpp(569,113): warning C4267: “参数”: 从“size_t”转换到“int”，可能丢失数据
Q:\CS2_Shrimp\Shrimp\CS2_Shrimp\ext\easywsclient\easywsclient.cpp(570,95): warning C4267: “参数”: 从“size_t”转换到“int”，可能丢失数据
Q:\CS2_Shrimp\Shrimp\CS2_Shrimp\ext\easywsclient\easywsclient.cpp(571,70): warning C4267: “参数”: 从“size_t”转换到“int”，可能丢失数据
  main.cpp
Q:\CS2_Shrimp\Shrimp\CS2_Shrimp\ext\fnv1a\fnv1a.hpp(10,2): error C4430: 缺少类型说明符 - 假定为 int。注意: C++ 不支持默认 int
  (编译源文件“main.cpp”)
  
Q:\CS2_Shrimp\Shrimp\CS2_Shrimp\ext\fnv1a\fnv1a.hpp(10,12): error C2146: 语法错误: 缺少“;”(在标识符“fnv1a_t”的前面)
  (编译源文件“main.cpp”)
  
Q:\CS2_Shrimp\Shrimp\CS2_Shrimp\ext\fnv1a\fnv1a.hpp(11,2): error C2143: 语法错误: 缺少“;”(在“{”的前面)
  (编译源文件“main.cpp”)
  
Q:\CS2_Shrimp\Shrimp\CS2_Shrimp\ext\fnv1a\fnv1a.hpp(11,2): error C2447: “{”: 缺少函数标题(是否是老式的形式表?)
  (编译源文件“main.cpp”)
  
Q:\CS2_Shrimp\Shrimp\CS2_Shrimp\EC\EC.h(4,14): error C7525: 内联变量至少需要 "/std:c++17"
  (编译源文件“main.cpp”)
  
Q:\CS2_Shrimp\Shrimp\CS2_Shrimp\EC\EC.h(5,14): error C7525: 内联变量至少需要 "/std:c++17"
  (编译源文件“main.cpp”)
  
Q:\CS2_Shrimp\Shrimp\CS2_Shrimp\EC\EC.h(6,14): error C7525: 内联变量至少需要 "/std:c++17"
  (编译源文件“main.cpp”)
  
Q:\CS2_Shrimp\Shrimp\CS2_Shrimp\EC\EC.h(7,14): error C7525: 内联变量至少需要 "/std:c++17"
  (编译源文件“main.cpp”)
  
Q:\CS2_Shrimp\Shrimp\CS2_Shrimp\EC\EC.h(8,18): error C7525: 内联变量至少需要 "/std:c++17"
  (编译源文件“main.cpp”)
  
Q:\CS2_Shrimp\Shrimp\CS2_Shrimp\EC\EC.h(9,14): error C7525: 内联变量至少需要 "/std:c++17"
  (编译源文件“main.cpp”)
  
Q:\CS2_Shrimp\Shrimp\CS2_Shrimp\EC\EC.h(10,17): error C7525: 内联变量至少需要 "/std:c++17"
  (编译源文件“main.cpp”)
  
Q:\CS2_Shrimp\Shrimp\CS2_Shrimp\EC\EC.h(17,24): error C7525: 内联变量至少需要 "/std:c++17"
  (编译源文件“main.cpp”)
  
Q:\CS2_Shrimp\Shrimp\CS2_Shrimp\EC\EC.h(18,24): error C7525: 内联变量至少需要 "/std:c++17"
  (编译源文件“main.cpp”)
  
Q:\CS2_Shrimp\Shrimp\CS2_Shrimp\EC\EC.h(19,18): error C7525: 内联变量至少需要 "/std:c++17"
  (编译源文件“main.cpp”)
  
Q:\CS2_Shrimp\Shrimp\CS2_Shrimp\main.cpp(56,4): error C3083: “filesystem”:“::”左侧的符号必须是一种类型
Q:\CS2_Shrimp\Shrimp\CS2_Shrimp\main.cpp(56,4): error C2039: "path": 不是 "std" 的成员
      Q:\CS2_Shrimp\Shrimp\CS2_Shrimp\ext\nlohmann\json.hpp(24481,11):
      参见“std”的声明
  
Q:\CS2_Shrimp\Shrimp\CS2_Shrimp\main.cpp(56,4): error C3861: “path”: 找不到标识符
Q:\CS2_Shrimp\Shrimp\CS2_Shrimp\main.cpp(56,4): error C2737: “filename”: 必须初始化 const 对象
Q:\CS2_Shrimp\Shrimp\CS2_Shrimp\main.cpp(56,4): error C3536: “filename”: 初始化之前无法使用
Q:\CS2_Shrimp\Shrimp\CS2_Shrimp\main.cpp(60,4): warning C4474: printf: 格式字符串中传递的参数太多
      Q:\CS2_Shrimp\Shrimp\CS2_Shrimp\main.cpp(60,4):
      占位符和其参数预计 1 可变参数，但提供的却是 2 参数
  
  loop.cpp
Q:\CS2_Shrimp\Shrimp\CS2_Shrimp\ext\fnv1a\fnv1a.hpp(10,2): error C4430: 缺少类型说明符 - 假定为 int。注意: C++ 不支持默认 int
  (编译源文件“loop.cpp”)
  
Q:\CS2_Shrimp\Shrimp\CS2_Shrimp\ext\fnv1a\fnv1a.hpp(10,12): error C2146: 语法错误: 缺少“;”(在标识符“fnv1a_t”的前面)
  (编译源文件“loop.cpp”)
  
Q:\CS2_Shrimp\Shrimp\CS2_Shrimp\ext\fnv1a\fnv1a.hpp(11,2): error C2143: 语法错误: 缺少“;”(在“{”的前面)
  (编译源文件“loop.cpp”)
  
Q:\CS2_Shrimp\Shrimp\CS2_Shrimp\ext\fnv1a\fnv1a.hpp(11,2): error C2447: “{”: 缺少函数标题(是否是老式的形式表?)
  (编译源文件“loop.cpp”)
  
Q:\CS2_Shrimp\Shrimp\CS2_Shrimp\EC\EC.h(4,14): error C7525: 内联变量至少需要 "/std:c++17"
  (编译源文件“loop.cpp”)
  
Q:\CS2_Shrimp\Shrimp\CS2_Shrimp\EC\EC.h(5,14): error C7525: 内联变量至少需要 "/std:c++17"
  (编译源文件“loop.cpp”)
  
Q:\CS2_Shrimp\Shrimp\CS2_Shrimp\EC\EC.h(6,14): error C7525: 内联变量至少需要 "/std:c++17"
  (编译源文件“loop.cpp”)
  
Q:\CS2_Shrimp\Shrimp\CS2_Shrimp\EC\EC.h(7,14): error C7525: 内联变量至少需要 "/std:c++17"
  (编译源文件“loop.cpp”)
  
Q:\CS2_Shrimp\Shrimp\CS2_Shrimp\EC\EC.h(8,18): error C7525: 内联变量至少需要 "/std:c++17"
  (编译源文件“loop.cpp”)
  
Q:\CS2_Shrimp\Shrimp\CS2_Shrimp\EC\EC.h(9,14): error C7525: 内联变量至少需要 "/std:c++17"
  (编译源文件“loop.cpp”)
  
Q:\CS2_Shrimp\Shrimp\CS2_Shrimp\EC\EC.h(10,17): error C7525: 内联变量至少需要 "/std:c++17"
  (编译源文件“loop.cpp”)
  
Q:\CS2_Shrimp\Shrimp\CS2_Shrimp\EC\EC.h(17,24): error C7525: 内联变量至少需要 "/std:c++17"
  (编译源文件“loop.cpp”)
  
Q:\CS2_Shrimp\Shrimp\CS2_Shrimp\EC\EC.h(18,24): error C7525: 内联变量至少需要 "/std:c++17"
  (编译源文件“loop.cpp”)
  
Q:\CS2_Shrimp\Shrimp\CS2_Shrimp\EC\EC.h(19,18): error C7525: 内联变量至少需要 "/std:c++17"
  (编译源文件“loop.cpp”)
  
  正在生成代码...
